<?xml version="1.0" encoding="UTF-8"?>
<!-- Generated by org.testng.reporters.JUnitXMLReporter -->
<testsuite ignored="0" hostname="DESKTOP-10Q0FT6" failures="0" tests="4" name="Default test" time="0.095" errors="0" timestamp="2021-12-02T23:01:37 IST">
  <testcase classname="com.testNg.testNgFactory" name="testCase1" time="0.009"/>
  <testcase classname="com.testNg.testNgFactory" name="testCase1" time="0.004"/>
  <testcase classname="com.testNg.testNgFactory" name="testCase2" time="0.004"/>
  <testcase classname="com.testNg.testNgFactory" name="testCase2" time="0.003"/>
</testsuite> <!-- Default test -->
