<?xml version="1.0" encoding="UTF-8"?>
<!-- Generated by org.testng.reporters.JUnitXMLReporter -->
<testsuite ignored="0" hostname="DESKTOP-10Q0FT6" failures="0" tests="5" name="Default test" time="68.225" errors="0" timestamp="2021-11-14T16:04:35 IST">
  <testcase classname="com.testNg.TestNgTestCasesPractice2" name="ValidateEnterGMOonline" time="2.401"/>
  <testcase classname="com.testNg.TestNgTestCasesPractice2" name="VerifyalertBox" time="15.241"/>
  <testcase classname="com.testNg.TestNgTestCasesPractice2" name="verifyTheCalculations" time="5.003"/>
  <testcase classname="com.testNg.TestNgTestCasesPractice2" name="HandlingFrames" time="34.984"/>
  <testcase classname="com.testNg.TestNgTestCasesPractice2" name="HandlingWindows" time="5.687"/>
</testsuite> <!-- Default test -->
