<?xml version="1.0" encoding="UTF-8"?>
<!-- Generated by org.testng.reporters.JUnitXMLReporter -->
<testsuite ignored="2" hostname="DESKTOP-10Q0FT6" failures="0" tests="3" name="Test2" time="0.112" errors="0" timestamp="2021-11-30T16:09:11 IST">
  <testcase classname="com.testNg.TestNgGroup" name="testMethodFive" time="0.021"/>
  <testcase classname="com.testNg.TestNgGroup" name="testMethodThree" time="0.003"/>
  <testcase classname="com.testNg.TestNgGroup" name="testMethodTwo" time="0.004"/>
  <testcase classname="com.testNg.TestNgGroup" name="testMethodFour" time="0.0">
    <ignored/>
  </testcase> <!-- testMethodFour -->
  <testcase classname="com.testNg.TestNgGroup" name="testMethodOne" time="0.0">
    <ignored/>
  </testcase> <!-- testMethodOne -->
</testsuite> <!-- Test2 -->
