<?xml version="1.0" encoding="UTF-8"?>
<!-- Generated by org.testng.reporters.JUnitXMLReporter -->
<testsuite ignored="5" hostname="DESKTOP-10Q0FT6" failures="0" tests="1" name="Test" time="11.744" errors="0" timestamp="2021-11-15T18:47:54 IST">
  <testcase classname="com.testNg.TestNgTestCasesPractice2" name="HandlingTables" time="4.532"/>
  <testcase classname="com.testNg.TestNgTestCasesPractice2" name="HandlingWindows" time="0.0">
    <ignored/>
  </testcase> <!-- HandlingWindows -->
  <testcase classname="com.testNg.TestNgTestCasesPractice2" name="VerifyalertBox" time="0.0">
    <ignored/>
  </testcase> <!-- VerifyalertBox -->
  <testcase classname="com.testNg.TestNgTestCasesPractice2" name="ValidateEnterGMOonline" time="0.0">
    <ignored/>
  </testcase> <!-- ValidateEnterGMOonline -->
  <testcase classname="com.testNg.TestNgTestCasesPractice2" name="HandlingFrames" time="0.0">
    <ignored/>
  </testcase> <!-- HandlingFrames -->
  <testcase classname="com.testNg.TestNgTestCasesPractice2" name="verifyTheCalculations" time="0.0">
    <ignored/>
  </testcase> <!-- verifyTheCalculations -->
</testsuite> <!-- Test -->
