<?xml version="1.0" encoding="UTF-8"?>
<!-- Generated by org.testng.reporters.JUnitXMLReporter -->
<testsuite ignored="1" hostname="DESKTOP-10Q0FT6" failures="0" tests="2" name="Test3" time="29.535" errors="0" timestamp="2021-12-01T17:19:27 IST">
  <testcase classname="com.testNg.TestNgTestCasesPractice" name="ValidateEnterGMOonline" time="14.111"/>
  <testcase classname="com.testNg.TestNgTestCasesPractice" name="VerifyalertBox" time="15.278"/>
  <testcase classname="com.testNg.TestNgTestCasesPractice" name="verifyTheCalculations" time="0.0">
    <ignored/>
  </testcase> <!-- verifyTheCalculations -->
</testsuite> <!-- Test3 -->
