<?xml version="1.0" encoding="UTF-8"?>
<!-- Generated by org.testng.reporters.JUnitXMLReporter -->
<testsuite ignored="1" hostname="DESKTOP-10Q0FT6" failures="0" tests="2" name="Test3" time="20.402" errors="0" timestamp="2021-11-30T16:42:06 IST">
  <testcase classname="com.testNg.TestNgTestCasesPractice" name="ValidateEnterGMOonline" time="5.006"/>
  <testcase classname="com.testNg.TestNgTestCasesPractice" name="VerifyalertBox" time="15.246"/>
  <testcase classname="com.testNg.TestNgTestCasesPractice" name="verifyTheCalculations" time="0.0">
    <ignored/>
  </testcase> <!-- verifyTheCalculations -->
</testsuite> <!-- Test3 -->
