<?xml version="1.0" encoding="UTF-8"?>
<!-- Generated by org.testng.reporters.JUnitXMLReporter -->
<testsuite ignored="2" hostname="DESKTOP-10Q0FT6" failures="0" tests="3" name="Test1" time="0.121" errors="0" timestamp="2021-11-30T15:50:16 IST">
  <testcase classname="com.testNg.TestNgGroup" name="testMethodFour" time="0.017"/>
  <testcase classname="com.testNg.TestNgGroup" name="testMethodOne" time="0.003"/>
  <testcase classname="com.testNg.TestNgGroup" name="testMethodTwo" time="0.003"/>
  <testcase classname="com.testNg.TestNgGroup" name="testMethodFive" time="0.0">
    <ignored/>
  </testcase> <!-- testMethodFive -->
  <testcase classname="com.testNg.TestNgGroup" name="testMethodThree" time="0.0">
    <ignored/>
  </testcase> <!-- testMethodThree -->
</testsuite> <!-- Test1 -->
