<?xml version="1.0" encoding="UTF-8"?>
<!-- Generated by org.testng.reporters.JUnitXMLReporter -->
<testsuite ignored="0" hostname="DESKTOP-10Q0FT6" failures="0" tests="2" name="ValidateEnterGMOonline" time="3.238" errors="0" timestamp="2021-11-07T11:14:55 IST">
  <testcase classname="com.testNg.TestNgTestCasesPractice" name="ValidateEnterGMOonline" time="3.072"/>
  <testcase classname="com.testNg.TestNgTestCasesPractice" name="VerifyalertBox" time="0.052"/>
</testsuite> <!-- ValidateEnterGMOonline -->
