<?xml version="1.0" encoding="UTF-8"?>
<testng-results ignored="0" total="5" passed="5" failed="0" skipped="0">
  <reporter-output>
  </reporter-output>
  <suite started-at="2021-11-14T16:03:27 IST" name="Default suite" finished-at="2021-11-14T16:04:35 IST" duration-ms="68225">
    <groups>
    </groups>
    <test started-at="2021-11-14T16:03:27 IST" name="Default test" finished-at="2021-11-14T16:04:35 IST" duration-ms="68225">
      <class name="com.testNg.TestNgTestCasesPractice2">
        <test-method is-config="true" signature="beforeSuite()[pri:0, instance:com.testNg.TestNgTestCasesPractice2@4ac3c60d]" started-at="2021-11-14T16:03:26 IST" name="beforeSuite" finished-at="2021-11-14T16:03:27 IST" duration-ms="19" status="PASS">
          <reporter-output>
          </reporter-output>
        </test-method> <!-- beforeSuite -->
        <test-method is-config="true" signature="beforeTest()[pri:0, instance:com.testNg.TestNgTestCasesPractice2@4ac3c60d]" started-at="2021-11-14T16:03:27 IST" name="beforeTest" finished-at="2021-11-14T16:03:31 IST" duration-ms="4811" status="PASS">
          <reporter-output>
          </reporter-output>
        </test-method> <!-- beforeTest -->
        <test-method is-config="true" signature="beforeClass()[pri:0, instance:com.testNg.TestNgTestCasesPractice2@4ac3c60d]" started-at="2021-11-14T16:03:31 IST" name="beforeClass" finished-at="2021-11-14T16:03:31 IST" duration-ms="0" status="PASS">
          <reporter-output>
          </reporter-output>
        </test-method> <!-- beforeClass -->
        <test-method is-config="true" signature="beforeMethod()[pri:0, instance:com.testNg.TestNgTestCasesPractice2@4ac3c60d]" started-at="2021-11-14T16:03:31 IST" name="beforeMethod" finished-at="2021-11-14T16:03:31 IST" duration-ms="0" status="PASS">
          <reporter-output>
          </reporter-output>
        </test-method> <!-- beforeMethod -->
        <test-method signature="ValidateEnterGMOonline()[pri:0, instance:com.testNg.TestNgTestCasesPractice2@4ac3c60d]" started-at="2021-11-14T16:03:31 IST" name="ValidateEnterGMOonline" finished-at="2021-11-14T16:03:34 IST" duration-ms="2401" status="PASS">
          <reporter-output>
          </reporter-output>
        </test-method> <!-- ValidateEnterGMOonline -->
        <test-method is-config="true" signature="afterMethod()[pri:0, instance:com.testNg.TestNgTestCasesPractice2@4ac3c60d]" started-at="2021-11-14T16:03:34 IST" name="afterMethod" finished-at="2021-11-14T16:03:34 IST" duration-ms="0" status="PASS">
          <reporter-output>
          </reporter-output>
        </test-method> <!-- afterMethod -->
        <test-method is-config="true" signature="beforeMethod()[pri:0, instance:com.testNg.TestNgTestCasesPractice2@4ac3c60d]" started-at="2021-11-14T16:03:34 IST" name="beforeMethod" finished-at="2021-11-14T16:03:34 IST" duration-ms="1" status="PASS">
          <reporter-output>
          </reporter-output>
        </test-method> <!-- beforeMethod -->
        <test-method signature="VerifyalertBox()[pri:1, instance:com.testNg.TestNgTestCasesPractice2@4ac3c60d]" started-at="2021-11-14T16:03:34 IST" name="VerifyalertBox" finished-at="2021-11-14T16:03:49 IST" depends-on-methods="com.testNg.TestNgTestCasesPractice2.ValidateEnterGMOonline" duration-ms="15241" status="PASS">
          <reporter-output>
          </reporter-output>
        </test-method> <!-- VerifyalertBox -->
        <test-method is-config="true" signature="afterMethod()[pri:0, instance:com.testNg.TestNgTestCasesPractice2@4ac3c60d]" started-at="2021-11-14T16:03:49 IST" name="afterMethod" finished-at="2021-11-14T16:03:49 IST" duration-ms="1" status="PASS">
          <reporter-output>
          </reporter-output>
        </test-method> <!-- afterMethod -->
        <test-method signature="verifyTheCalculations()[pri:2, instance:com.testNg.TestNgTestCasesPractice2@4ac3c60d]" started-at="2021-11-14T16:03:49 IST" name="verifyTheCalculations" finished-at="2021-11-14T16:03:54 IST" duration-ms="5003" status="PASS">
          <reporter-output>
          </reporter-output>
        </test-method> <!-- verifyTheCalculations -->
        <test-method is-config="true" signature="beforeMethod()[pri:0, instance:com.testNg.TestNgTestCasesPractice2@4ac3c60d]" started-at="2021-11-14T16:03:49 IST" name="beforeMethod" finished-at="2021-11-14T16:03:49 IST" duration-ms="0" status="PASS">
          <reporter-output>
          </reporter-output>
        </test-method> <!-- beforeMethod -->
        <test-method is-config="true" signature="afterMethod()[pri:0, instance:com.testNg.TestNgTestCasesPractice2@4ac3c60d]" started-at="2021-11-14T16:03:54 IST" name="afterMethod" finished-at="2021-11-14T16:03:54 IST" duration-ms="0" status="PASS">
          <reporter-output>
          </reporter-output>
        </test-method> <!-- afterMethod -->
        <test-method is-config="true" signature="beforeMethod()[pri:0, instance:com.testNg.TestNgTestCasesPractice2@4ac3c60d]" started-at="2021-11-14T16:03:54 IST" name="beforeMethod" finished-at="2021-11-14T16:03:54 IST" duration-ms="0" status="PASS">
          <reporter-output>
          </reporter-output>
        </test-method> <!-- beforeMethod -->
        <test-method signature="HandlingFrames()[pri:3, instance:com.testNg.TestNgTestCasesPractice2@4ac3c60d]" started-at="2021-11-14T16:03:54 IST" name="HandlingFrames" finished-at="2021-11-14T16:04:29 IST" duration-ms="34984" status="PASS">
          <reporter-output>
          </reporter-output>
        </test-method> <!-- HandlingFrames -->
        <test-method is-config="true" signature="afterMethod()[pri:0, instance:com.testNg.TestNgTestCasesPractice2@4ac3c60d]" started-at="2021-11-14T16:04:29 IST" name="afterMethod" finished-at="2021-11-14T16:04:29 IST" duration-ms="2" status="PASS">
          <reporter-output>
          </reporter-output>
        </test-method> <!-- afterMethod -->
        <test-method is-config="true" signature="beforeMethod()[pri:0, instance:com.testNg.TestNgTestCasesPractice2@4ac3c60d]" started-at="2021-11-14T16:04:29 IST" name="beforeMethod" finished-at="2021-11-14T16:04:29 IST" duration-ms="0" status="PASS">
          <reporter-output>
          </reporter-output>
        </test-method> <!-- beforeMethod -->
        <test-method signature="HandlingWindows()[pri:4, instance:com.testNg.TestNgTestCasesPractice2@4ac3c60d]" started-at="2021-11-14T16:04:29 IST" name="HandlingWindows" finished-at="2021-11-14T16:04:35 IST" duration-ms="5687" status="PASS">
          <reporter-output>
          </reporter-output>
        </test-method> <!-- HandlingWindows -->
        <test-method is-config="true" signature="afterMethod()[pri:0, instance:com.testNg.TestNgTestCasesPractice2@4ac3c60d]" started-at="2021-11-14T16:04:35 IST" name="afterMethod" finished-at="2021-11-14T16:04:35 IST" duration-ms="0" status="PASS">
          <reporter-output>
          </reporter-output>
        </test-method> <!-- afterMethod -->
        <test-method is-config="true" signature="afterClass()[pri:0, instance:com.testNg.TestNgTestCasesPractice2@4ac3c60d]" started-at="2021-11-14T16:04:35 IST" name="afterClass" finished-at="2021-11-14T16:04:35 IST" duration-ms="0" status="PASS">
          <reporter-output>
          </reporter-output>
        </test-method> <!-- afterClass -->
        <test-method is-config="true" signature="afterTest()[pri:0, instance:com.testNg.TestNgTestCasesPractice2@4ac3c60d]" started-at="2021-11-14T16:04:35 IST" name="afterTest" finished-at="2021-11-14T16:04:35 IST" duration-ms="0" status="PASS">
          <reporter-output>
          </reporter-output>
        </test-method> <!-- afterTest -->
        <test-method is-config="true" signature="afterSuite()[pri:0, instance:com.testNg.TestNgTestCasesPractice2@4ac3c60d]" started-at="2021-11-14T16:04:35 IST" name="afterSuite" finished-at="2021-11-14T16:04:35 IST" duration-ms="0" status="PASS">
          <reporter-output>
          </reporter-output>
        </test-method> <!-- afterSuite -->
      </class> <!-- com.testNg.TestNgTestCasesPractice2 -->
    </test> <!-- Default test -->
  </suite> <!-- Default suite -->
</testng-results>
