<?xml version="1.0" encoding="UTF-8"?>
<testng-results ignored="1" total="3" passed="2" failed="0" skipped="0">
  <reporter-output>
  </reporter-output>
  <suite started-at="2021-12-01T17:18:57 IST" name="Suite" finished-at="2021-12-01T17:19:27 IST" duration-ms="29535">
    <groups>
      <group name="Sanity">
        <method signature="TestNgTestCasesPractice.ValidateEnterGMOonline()[pri:0, instance:com.testNg.TestNgTestCasesPractice@2b91004a]" name="ValidateEnterGMOonline" class="com.testNg.TestNgTestCasesPractice"/>
        <method signature="TestNgTestCasesPractice.VerifyalertBox()[pri:1, instance:com.testNg.TestNgTestCasesPractice@2b91004a]" name="VerifyalertBox" class="com.testNg.TestNgTestCasesPractice"/>
      </group> <!-- Sanity -->
    </groups>
    <test started-at="2021-12-01T17:18:57 IST" name="Test3" finished-at="2021-12-01T17:19:27 IST" duration-ms="29535">
      <class name="com.testNg.TestNgTestCasesPractice">
        <test-method is-config="true" signature="beforeSuite()[pri:0, instance:com.testNg.TestNgTestCasesPractice@2b91004a]" started-at="2021-12-01T17:18:50 IST" name="beforeSuite" finished-at="2021-12-01T17:18:57 IST" duration-ms="7196" status="PASS">
          <reporter-output>
          </reporter-output>
        </test-method> <!-- beforeSuite -->
        <test-method is-config="true" signature="beforeTest()[pri:0, instance:com.testNg.TestNgTestCasesPractice@2b91004a]" started-at="2021-12-01T17:18:57 IST" name="beforeTest" finished-at="2021-12-01T17:18:57 IST" duration-ms="1" status="PASS">
          <reporter-output>
          </reporter-output>
        </test-method> <!-- beforeTest -->
        <test-method is-config="true" signature="beforeClass()[pri:0, instance:com.testNg.TestNgTestCasesPractice@2b91004a]" started-at="2021-12-01T17:18:58 IST" name="beforeClass" finished-at="2021-12-01T17:18:58 IST" duration-ms="1" status="PASS">
          <reporter-output>
          </reporter-output>
        </test-method> <!-- beforeClass -->
        <test-method is-config="true" signature="beforeMethod()[pri:0, instance:com.testNg.TestNgTestCasesPractice@2b91004a]" started-at="2021-12-01T17:18:58 IST" name="beforeMethod" finished-at="2021-12-01T17:18:58 IST" duration-ms="0" status="PASS">
          <reporter-output>
          </reporter-output>
        </test-method> <!-- beforeMethod -->
        <test-method signature="ValidateEnterGMOonline()[pri:0, instance:com.testNg.TestNgTestCasesPractice@2b91004a]" started-at="2021-12-01T17:18:58 IST" name="ValidateEnterGMOonline" finished-at="2021-12-01T17:19:12 IST" duration-ms="14111" status="PASS">
          <reporter-output>
          </reporter-output>
        </test-method> <!-- ValidateEnterGMOonline -->
        <test-method is-config="true" signature="beforeMethod()[pri:0, instance:com.testNg.TestNgTestCasesPractice@2b91004a]" started-at="2021-12-01T17:19:12 IST" name="beforeMethod" finished-at="2021-12-01T17:19:12 IST" duration-ms="0" status="PASS">
          <reporter-output>
          </reporter-output>
        </test-method> <!-- beforeMethod -->
        <test-method signature="VerifyalertBox()[pri:1, instance:com.testNg.TestNgTestCasesPractice@2b91004a]" started-at="2021-12-01T17:19:12 IST" name="VerifyalertBox" finished-at="2021-12-01T17:19:27 IST" depends-on-methods="com.testNg.TestNgTestCasesPractice.ValidateEnterGMOonline" duration-ms="15278" status="PASS">
          <reporter-output>
          </reporter-output>
        </test-method> <!-- VerifyalertBox -->
      </class> <!-- com.testNg.TestNgTestCasesPractice -->
    </test> <!-- Test3 -->
  </suite> <!-- Suite -->
</testng-results>
